# JRE version: OpenJDK Runtime Environment (17.0.1+12) (build 17.0.1+12-39)
# Java VM: OpenJDK 64-Bit Server VM (17.0.1+12-39, mixed mode, emulated-client, sharing, tiered, compressed oops, compressed class ptrs, g1 gc, windows-amd64)
GC Precious Log:
 CPUs: 8 total, 8 available
 Memory: 7103M
 Large Page Support: Disabled
 NUMA Support: Disabled
 Compressed Oops: Enabled (32-bit)
 Heap Region Size: 1M
 Heap Min Capacity: 8M
 Heap Initial Capacity: 112M
 Heap Max Capacity: 1776M
 Pre-touch: Disabled
 Parallel Workers: 8
 Concurrent Workers: 2
 Concurrent Refinement Workers: 8
 Periodic GC: Disabled
Heap:
 garbage-first heap   total 166912K, used 33761K [0x0000000091000000, 0x0000000100000000)
  region size 1024K, 4 young (4096K), 4 survivors (4096K)
 Metaspace       used 55505K, committed 55936K, reserved 1097728K
  class space    used 7756K, committed 7936K, reserved 1048576K
GC Heap History (20 events):
Event: 4.530 GC heap after
{Heap after GC invocations=5 (full 0):
 garbage-first heap   total 114688K, used 15936K [0x0000000091000000, 0x0000000100000000)
  region size 1024K, 6 young (6144K), 6 survivors (6144K)
 Metaspace       used 21203K, committed 21504K, reserved 1073152K
  class space    used 2897K, committed 3072K, reserved 1048576K
}
Event: 5.078 GC heap before
{Heap before GC invocations=6 (full 0):
 garbage-first heap   total 58368K, used 43584K [0x0000000091000000, 0x0000000100000000)
  region size 1024K, 34 young (34816K), 6 survivors (6144K)
 Metaspace       used 24299K, committed 24704K, reserved 1073152K
  class space    used 3330K, committed 3520K, reserved 1048576K
}
Event: 5.098 GC heap after
{Heap after GC invocations=7 (full 0):
 garbage-first heap   total 58368K, used 18338K [0x0000000091000000, 0x0000000100000000)
  region size 1024K, 5 young (5120K), 5 survivors (5120K)
 Metaspace       used 24299K, committed 24704K, reserved 1073152K
  class space    used 3330K, committed 3520K, reserved 1048576K
}
Event: 5.099 GC heap before
{Heap before GC invocations=7 (full 0):
 garbage-first heap   total 58368K, used 18338K [0x0000000091000000, 0x0000000100000000)
  region size 1024K, 6 young (6144K), 5 survivors (5120K)
 Metaspace       used 24299K, committed 24704K, reserved 1073152K
  class space    used 3330K, committed 3520K, reserved 1048576K
}
Event: 5.113 GC heap after
{Heap after GC invocations=8 (full 0):
 garbage-first heap   total 58368K, used 18421K [0x0000000091000000, 0x0000000100000000)
  region size 1024K, 1 young (1024K), 1 survivors (1024K)
 Metaspace       used 24299K, committed 24704K, reserved 1073152K
  class space    used 3330K, committed 3520K, reserved 1048576K
}
Event: 5.120 GC heap before
{Heap before GC invocations=8 (full 0):
 garbage-first heap   total 58368K, used 40949K [0x0000000091000000, 0x0000000100000000)
  region size 1024K, 24 young (24576K), 1 survivors (1024K)
 Metaspace       used 24299K, committed 24704K, reserved 1073152K
  class space    used 3330K, committed 3520K, reserved 1048576K
}
Event: 5.122 GC heap after
{Heap after GC invocations=9 (full 0):
 garbage-first heap   total 166912K, used 18000K [0x0000000091000000, 0x0000000100000000)
  region size 1024K, 1 young (1024K), 1 survivors (1024K)
 Metaspace       used 24299K, committed 24704K, reserved 1073152K
  class space    used 3330K, committed 3520K, reserved 1048576K
}
Event: 6.706 GC heap before
{Heap before GC invocations=9 (full 0):
 garbage-first heap   total 166912K, used 79440K [0x0000000091000000, 0x0000000100000000)
  region size 1024K, 63 young (64512K), 1 survivors (1024K)
 Metaspace       used 35653K, committed 35968K, reserved 1081344K
  class space    used 4919K, committed 5056K, reserved 1048576K
}
Event: 6.713 GC heap after
{Heap after GC invocations=10 (full 0):
 garbage-first heap   total 166912K, used 21346K [0x0000000091000000, 0x0000000100000000)
  region size 1024K, 4 young (4096K), 4 survivors (4096K)
 Metaspace       used 35653K, committed 35968K, reserved 1081344K
  class space    used 4919K, committed 5056K, reserved 1048576K
}
Event: 8.014 GC heap before
{Heap before GC invocations=11 (full 0):
 garbage-first heap   total 81920K, used 66402K [0x0000000091000000, 0x0000000100000000)
  region size 1024K, 48 young (49152K), 4 survivors (4096K)
 Metaspace       used 42802K, committed 43200K, reserved 1089536K
  class space    used 6020K, committed 6208K, reserved 1048576K
}
Event: 8.024 GC heap after
{Heap after GC invocations=12 (full 0):
 garbage-first heap   total 81920K, used 24449K [0x0000000091000000, 0x0000000100000000)
  region size 1024K, 4 young (4096K), 4 survivors (4096K)
 Metaspace       used 42802K, committed 43200K, reserved 1089536K
  class space    used 6020K, committed 6208K, reserved 1048576K
}
Event: 8.041 GC heap before
{Heap before GC invocations=12 (full 0):
 garbage-first heap   total 81920K, used 26497K [0x0000000091000000, 0x0000000100000000)
  region size 1024K, 6 young (6144K), 4 survivors (4096K)
 Metaspace       used 42877K, committed 43200K, reserved 1089536K
  class space    used 6035K, committed 6208K, reserved 1048576K
}
Event: 8.047 GC heap after
{Heap after GC invocations=13 (full 0):
 garbage-first heap   total 81920K, used 24620K [0x0000000091000000, 0x0000000100000000)
  region size 1024K, 1 young (1024K), 1 survivors (1024K)
 Metaspace       used 42877K, committed 43200K, reserved 1089536K
  class space    used 6035K, committed 6208K, reserved 1048576K
}
Event: 9.023 GC heap before
{Heap before GC invocations=13 (full 0):
 garbage-first heap   total 81920K, used 63532K [0x0000000091000000, 0x0000000100000000)
  region size 1024K, 39 young (39936K), 1 survivors (1024K)
 Metaspace       used 47705K, committed 48000K, reserved 1097728K
  class space    used 6641K, committed 6784K, reserved 1048576K
}
Event: 9.030 GC heap after
{Heap after GC invocations=14 (full 0):
 garbage-first heap   total 81920K, used 27638K [0x0000000091000000, 0x0000000100000000)
  region size 1024K, 4 young (4096K), 4 survivors (4096K)
 Metaspace       used 47705K, committed 48000K, reserved 1097728K
  class space    used 6641K, committed 6784K, reserved 1048576K
}
Event: 9.829 GC heap before
{Heap before GC invocations=15 (full 0):
 garbage-first heap   total 81920K, used 63478K [0x0000000091000000, 0x0000000100000000)
  region size 1024K, 39 young (39936K), 4 survivors (4096K)
 Metaspace       used 50782K, committed 51200K, reserved 1097728K
  class space    used 7117K, committed 7296K, reserved 1048576K
}
Event: 9.850 GC heap after
{Heap after GC invocations=16 (full 0):
 garbage-first heap   total 81920K, used 30547K [0x0000000091000000, 0x0000000100000000)
  region size 1024K, 3 young (3072K), 3 survivors (3072K)
 Metaspace       used 50782K, committed 51200K, reserved 1097728K
  class space    used 7117K, committed 7296K, reserved 1048576K
}
Event: 9.857 GC heap before
{Heap before GC invocations=16 (full 0):
 garbage-first heap   total 81920K, used 31571K [0x0000000091000000, 0x0000000100000000)
  region size 1024K, 4 young (4096K), 3 survivors (3072K)
 Metaspace       used 50785K, committed 51200K, reserved 1097728K
  class space    used 7118K, committed 7296K, reserved 1048576K
}
Event: 9.867 GC heap after
{Heap after GC invocations=17 (full 0):
 garbage-first heap   total 81920K, used 30474K [0x0000000091000000, 0x0000000100000000)
  region size 1024K, 1 young (1024K), 1 survivors (1024K)
 Metaspace       used 50785K, committed 51200K, reserved 1097728K
  class space    used 7118K, committed 7296K, reserved 1048576K
}
Event: 17.142 GC heap before
{Heap before GC invocations=17 (full 0):
 garbage-first heap   total 81920K, used 64266K [0x0000000091000000, 0x0000000100000000)
  region size 1024K, 34 young (34816K), 1 survivors (1024K)
 Metaspace       used 55505K, committed 55936K, reserved 1097728K
  class space    used 7756K, committed 7936K, reserved 1048576K
}

