# JRE version: OpenJDK Runtime Environment (17.0.1+12) (build 17.0.1+12-39)
# Java VM: OpenJDK 64-Bit Server VM (17.0.1+12-39, mixed mode, emulated-client, sharing, tiered, compressed oops, compressed class ptrs, g1 gc, windows-amd64)
GC Precious Log:
 CPUs: 8 total, 8 available
 Memory: 7103M
 Large Page Support: Disabled
 NUMA Support: Disabled
 Compressed Oops: Enabled (32-bit)
 Heap Region Size: 1M
 Heap Min Capacity: 8M
 Heap Initial Capacity: 112M
 Heap Max Capacity: 1776M
 Pre-touch: Disabled
 Parallel Workers: 8
 Concurrent Workers: 2
 Concurrent Refinement Workers: 8
 Periodic GC: Disabled
Heap:
 garbage-first heap   total 114688K, used 25704K [0x0000000091000000, 0x0000000100000000)
  region size 1024K, 5 young (5120K), 5 survivors (5120K)
 Metaspace       used 45721K, committed 46080K, reserved 1089536K
  class space    used 6400K, committed 6592K, reserved 1048576K
GC Heap History (20 events):
Event: 1.123 GC heap after
{Heap after GC invocations=1 (full 0):
 garbage-first heap   total 114688K, used 8144K [0x0000000091000000, 0x0000000100000000)
  region size 1024K, 3 young (3072K), 3 survivors (3072K)
 Metaspace       used 6824K, committed 6976K, reserved 1056768K
  class space    used 843K, committed 896K, reserved 1048576K
}
Event: 1.561 GC heap before
{Heap before GC invocations=1 (full 0):
 garbage-first heap   total 114688K, used 26576K [0x0000000091000000, 0x0000000100000000)
  region size 1024K, 22 young (22528K), 3 survivors (3072K)
 Metaspace       used 11002K, committed 11264K, reserved 1064960K
  class space    used 1475K, committed 1600K, reserved 1048576K
}
Event: 1.567 GC heap after
{Heap after GC invocations=2 (full 0):
 garbage-first heap   total 114688K, used 10291K [0x0000000091000000, 0x0000000100000000)
  region size 1024K, 2 young (2048K), 2 survivors (2048K)
 Metaspace       used 11002K, committed 11264K, reserved 1064960K
  class space    used 1475K, committed 1600K, reserved 1048576K
}
Event: 2.333 GC heap before
{Heap before GC invocations=2 (full 0):
 garbage-first heap   total 114688K, used 51251K [0x0000000091000000, 0x0000000100000000)
  region size 1024K, 42 young (43008K), 2 survivors (2048K)
 Metaspace       used 15055K, committed 15360K, reserved 1064960K
  class space    used 2026K, committed 2176K, reserved 1048576K
}
Event: 2.340 GC heap after
{Heap after GC invocations=3 (full 0):
 garbage-first heap   total 114688K, used 12112K [0x0000000091000000, 0x0000000100000000)
  region size 1024K, 4 young (4096K), 4 survivors (4096K)
 Metaspace       used 15055K, committed 15360K, reserved 1064960K
  class space    used 2026K, committed 2176K, reserved 1048576K
}
Event: 2.932 GC heap before
{Heap before GC invocations=3 (full 0):
 garbage-first heap   total 114688K, used 75600K [0x0000000091000000, 0x0000000100000000)
  region size 1024K, 67 young (68608K), 4 survivors (4096K)
 Metaspace       used 17396K, committed 17728K, reserved 1064960K
  class space    used 2316K, committed 2496K, reserved 1048576K
}
Event: 2.950 GC heap after
{Heap after GC invocations=4 (full 0):
 garbage-first heap   total 114688K, used 14094K [0x0000000091000000, 0x0000000100000000)
  region size 1024K, 6 young (6144K), 6 survivors (6144K)
 Metaspace       used 17396K, committed 17728K, reserved 1064960K
  class space    used 2316K, committed 2496K, reserved 1048576K
}
Event: 3.912 GC heap before
{Heap before GC invocations=4 (full 0):
 garbage-first heap   total 114688K, used 49934K [0x0000000091000000, 0x0000000100000000)
  region size 1024K, 42 young (43008K), 6 survivors (6144K)
 Metaspace       used 21205K, committed 21504K, reserved 1073152K
  class space    used 2889K, committed 3008K, reserved 1048576K
}
Event: 3.937 GC heap after
{Heap after GC invocations=5 (full 0):
 garbage-first heap   total 114688K, used 16082K [0x0000000091000000, 0x0000000100000000)
  region size 1024K, 6 young (6144K), 6 survivors (6144K)
 Metaspace       used 21205K, committed 21504K, reserved 1073152K
  class space    used 2889K, committed 3008K, reserved 1048576K
}
Event: 4.698 GC heap before
{Heap before GC invocations=6 (full 0):
 garbage-first heap   total 58368K, used 43730K [0x0000000091000000, 0x0000000100000000)
  region size 1024K, 34 young (34816K), 6 survivors (6144K)
 Metaspace       used 24853K, committed 25216K, reserved 1073152K
  class space    used 3409K, committed 3584K, reserved 1048576K
}
Event: 4.719 GC heap after
{Heap after GC invocations=7 (full 0):
 garbage-first heap   total 70656K, used 18435K [0x0000000091000000, 0x0000000100000000)
  region size 1024K, 5 young (5120K), 5 survivors (5120K)
 Metaspace       used 24853K, committed 25216K, reserved 1073152K
  class space    used 3409K, committed 3584K, reserved 1048576K
}
Event: 4.736 GC heap before
{Heap before GC invocations=7 (full 0):
 garbage-first heap   total 70656K, used 49155K [0x0000000091000000, 0x0000000100000000)
  region size 1024K, 36 young (36864K), 5 survivors (5120K)
 Metaspace       used 24853K, committed 25216K, reserved 1073152K
  class space    used 3409K, committed 3584K, reserved 1048576K
}
Event: 4.754 GC heap after
{Heap after GC invocations=8 (full 0):
 garbage-first heap   total 70656K, used 18251K [0x0000000091000000, 0x0000000100000000)
  region size 1024K, 1 young (1024K), 1 survivors (1024K)
 Metaspace       used 24853K, committed 25216K, reserved 1073152K
  class space    used 3409K, committed 3584K, reserved 1048576K
}
Event: 5.497 GC heap before
{Heap before GC invocations=8 (full 0):
 garbage-first heap   total 70656K, used 51019K [0x0000000091000000, 0x0000000100000000)
  region size 1024K, 34 young (34816K), 1 survivors (1024K)
 Metaspace       used 29414K, committed 29760K, reserved 1081344K
  class space    used 4091K, committed 4224K, reserved 1048576K
}
Event: 5.508 GC heap after
{Heap after GC invocations=9 (full 0):
 garbage-first heap   total 70656K, used 19638K [0x0000000091000000, 0x0000000100000000)
  region size 1024K, 2 young (2048K), 2 survivors (2048K)
 Metaspace       used 29414K, committed 29760K, reserved 1081344K
  class space    used 4091K, committed 4224K, reserved 1048576K
}
Event: 6.359 GC heap before
{Heap before GC invocations=9 (full 0):
 garbage-first heap   total 70656K, used 43190K [0x0000000091000000, 0x0000000100000000)
  region size 1024K, 26 young (26624K), 2 survivors (2048K)
 Metaspace       used 35720K, committed 36096K, reserved 1081344K
  class space    used 4938K, committed 5120K, reserved 1048576K
}
Event: 6.362 GC heap after
{Heap after GC invocations=10 (full 0):
 garbage-first heap   total 70656K, used 21467K [0x0000000091000000, 0x0000000100000000)
  region size 1024K, 4 young (4096K), 4 survivors (4096K)
 Metaspace       used 35720K, committed 36096K, reserved 1081344K
  class space    used 4938K, committed 5120K, reserved 1048576K
}
Event: 7.414 GC heap before
{Heap before GC invocations=11 (full 0):
 garbage-first heap   total 70656K, used 54235K [0x0000000091000000, 0x0000000100000000)
  region size 1024K, 36 young (36864K), 4 survivors (4096K)
 Metaspace       used 41098K, committed 41472K, reserved 1089536K
  class space    used 5817K, committed 6016K, reserved 1048576K
}
Event: 7.425 GC heap after
{Heap after GC invocations=12 (full 0):
 garbage-first heap   total 70656K, used 23573K [0x0000000091000000, 0x0000000100000000)
  region size 1024K, 4 young (4096K), 4 survivors (4096K)
 Metaspace       used 41098K, committed 41472K, reserved 1089536K
  class space    used 5817K, committed 6016K, reserved 1048576K
}
Event: 8.034 GC heap before
{Heap before GC invocations=12 (full 0):
 garbage-first heap   total 70656K, used 55317K [0x0000000091000000, 0x0000000100000000)
  region size 1024K, 35 young (35840K), 4 survivors (4096K)
 Metaspace       used 45721K, committed 46080K, reserved 1089536K
  class space    used 6400K, committed 6592K, reserved 1048576K
}

